#
# There is insufficient memory for the Java Runtime Environment to continue.
# Native memory allocation (malloc) failed to allocate 1048576 bytes. Error detail: AllocateHeap
# Possible reasons:
#   The system is out of physical RAM or swap space
#   This process is running with CompressedOops enabled, and the Java Heap may be blocking the growth of the native heap
# Possible solutions:
#   Reduce memory load on the system
#   Increase physical memory or swap space
#   Check if swap backing store is full
#   Decrease Java heap size (-Xmx/-Xms)
#   Decrease number of Java threads
#   Decrease Java thread stack sizes (-Xss)
#   Set larger code cache with -XX:ReservedCodeCacheSize=
#   JVM is running with Unscaled Compressed Oops mode in which the Java heap is
#     placed in the first 4GB address space. The Java Heap base address is the
#     maximum limit for the native heap growth. Please use -XX:HeapBaseMinAddress
#     to set the Java Heap base and to place the Java Heap above 4GB virtual address.
# This output file may be truncated or incomplete.
#
#  Out of Memory Error (allocation.cpp:44), pid=18124, tid=3212
#
# JRE version:  (17.0.13+11) (build )
# Java VM: OpenJDK 64-Bit Server VM (17.0.13+11-LTS, mixed mode, sharing, tiered, compressed oops, compressed class ptrs, g1 gc, windows-amd64)
# No core dump will be written. Minidumps are not enabled by default on client versions of Windows
#

---------------  S U M M A R Y ------------

Command Line: 

Host: AMD Ryzen 5 5600H with Radeon Graphics         , 12 cores, 7G,  Windows 11 , 64 bit Build 26100 (10.0.26100.3624)
Time: Wed Apr  9 12:58:03 2025 India Standard Time elapsed time: 1.010547 seconds (0d 0h 0m 1s)

---------------  T H R E A D  ---------------

Current thread (0x00000179e315bb40):  JavaThread "Unknown thread" [_thread_in_vm, id=3212, stack(0x0000000989900000,0x0000000989a00000)]

Stack: [0x0000000989900000,0x0000000989a00000]
Native frames: (J=compiled Java code, j=interpreted, Vv=VM code, C=native code)
V  [jvm.dll+0x687fc9]
V  [jvm.dll+0x83eeb8]
V  [jvm.dll+0x840963]
V  [jvm.dll+0x840fd3]
V  [jvm.dll+0x24951f]
V  [jvm.dll+0xa77b3]
V  [jvm.dll+0x2eb372]
V  [jvm.dll+0x2e2eab]
V  [jvm.dll+0x810dbb]
V  [jvm.dll+0x3708f1]
V  [jvm.dll+0x7ef8af]
V  [jvm.dll+0x3f70ef]
V  [jvm.dll+0x3f8c21]
C  [jli.dll+0x52a0]
C  [ucrtbase.dll+0x37b0]
C  [KERNEL32.DLL+0x2e8d7]
C  [ntdll.dll+0xb14fc]


---------------  P R O C E S S  ---------------

Threads class SMR info:
_java_thread_list=0x00007ffa5edcdf98, length=0, elements={
}

Java Threads: ( => current thread )

Other Threads:
  0x00000179e31b2a20 GCTaskThread "GC Thread#0" [stack: 0x0000000989a00000,0x0000000989b00000] [id=19760]

[error occurred during error reporting (printing all threads), id 0xc0000005, EXCEPTION_ACCESS_VIOLATION (0xc0000005) at pc=0x00007ffa5e580090]

VM state: not at safepoint (not fully initialized)

VM Mutex/Monitor currently owned by a thread:  ([mutex/lock_event])
[0x00000179e3157c10] Heap_lock - owner thread: 0x00000179e315bb40

Heap address: 0x0000000089c00000, size: 1892 MB, Compressed Oops mode: 32-bit

CDS archive(s) mapped at: [0x0000000000000000-0x0000000000000000-0x0000000000000000), size 0, SharedBaseAddress: 0x0000000800000000, ArchiveRelocationMode: 1.
Narrow klass base: 0x0000000000000000, Narrow klass shift: 0, Narrow klass range: 0x0

GC Precious Log:
<Empty>

Heap:
 garbage-first heap   total 0K, used 0K [0x0000000089c00000, 0x0000000100000000)
  region size 1024K, 0 young (0K), 0 survivors (0K)

[error occurred during error reporting (printing heap information), id 0xc0000005, EXCEPTION_ACCESS_VIOLATION (0xc0000005) at pc=0x00007ffa5e971ba9]

GC Heap History (0 events):
No events

Dll operation events (1 events):
Event: 0.006 Loaded shared library C:\Program Files\Microsoft\jdk-17.0.13.11-hotspot\bin\java.dll

Deoptimization events (0 events):
No events

Classes loaded (0 events):
No events

Classes unloaded (0 events):
No events

Classes redefined (0 events):
No events

Internal exceptions (0 events):
No events

VM Operations (0 events):
No events

Memory protections (0 events):
No events

Nmethod flushes (0 events):
No events

Events (0 events):
No events


Dynamic libraries:
0x00007ff6b9ba0000 - 0x00007ff6b9bae000 	C:\Program Files\Microsoft\jdk-17.0.13.11-hotspot\bin\java.exe
0x00007ffb2cd80000 - 0x00007ffb2cfe0000 	C:\WINDOWS\SYSTEM32\ntdll.dll
0x00007ffb2bf40000 - 0x00007ffb2c007000 	C:\WINDOWS\System32\KERNEL32.DLL
0x00007ffb2a350000 - 0x00007ffb2a71b000 	C:\WINDOWS\System32\KERNELBASE.dll
0x00007ffb2a160000 - 0x00007ffb2a2ab000 	C:\WINDOWS\System32\ucrtbase.dll
0x00007ffb08f60000 - 0x00007ffb08f77000 	C:\Program Files\Microsoft\jdk-17.0.13.11-hotspot\bin\jli.dll
0x00007ffb07f60000 - 0x00007ffb07f7d000 	C:\Program Files\Microsoft\jdk-17.0.13.11-hotspot\bin\VCRUNTIME140.dll
0x00007ffb2cb40000 - 0x00007ffb2cd0c000 	C:\WINDOWS\System32\USER32.dll
0x00007ffb16c40000 - 0x00007ffb16ed7000 	C:\WINDOWS\WinSxS\amd64_microsoft.windows.common-controls_6595b64144ccf1df_6.0.26100.3624_none_3e086962e3345f24\COMCTL32.dll
0x00007ffb2a130000 - 0x00007ffb2a157000 	C:\WINDOWS\System32\win32u.dll
0x00007ffb2b900000 - 0x00007ffb2b9a9000 	C:\WINDOWS\System32\msvcrt.dll
0x00007ffb2cd10000 - 0x00007ffb2cd3a000 	C:\WINDOWS\System32\GDI32.dll
0x00007ffb29f60000 - 0x00007ffb2a091000 	C:\WINDOWS\System32\gdi32full.dll
0x00007ffb2a8a0000 - 0x00007ffb2a943000 	C:\WINDOWS\System32\msvcp_win.dll
0x00007ffb2bc70000 - 0x00007ffb2bc9f000 	C:\WINDOWS\System32\IMM32.DLL
0x00007ffb1dfc0000 - 0x00007ffb1dfcc000 	C:\Program Files\Microsoft\jdk-17.0.13.11-hotspot\bin\vcruntime140_1.dll
0x00007ffa9e5a0000 - 0x00007ffa9e62d000 	C:\Program Files\Microsoft\jdk-17.0.13.11-hotspot\bin\msvcp140.dll
0x00007ffa5e290000 - 0x00007ffa5ef01000 	C:\Program Files\Microsoft\jdk-17.0.13.11-hotspot\bin\server\jvm.dll
0x00007ffb2c420000 - 0x00007ffb2c4d3000 	C:\WINDOWS\System32\ADVAPI32.dll
0x00007ffb2bbc0000 - 0x00007ffb2bc66000 	C:\WINDOWS\System32\sechost.dll
0x00007ffb2be20000 - 0x00007ffb2bf36000 	C:\WINDOWS\System32\RPCRT4.dll
0x00007ffb2c3a0000 - 0x00007ffb2c414000 	C:\WINDOWS\System32\WS2_32.dll
0x00007ffb28bd0000 - 0x00007ffb28c2e000 	C:\WINDOWS\SYSTEM32\POWRPROF.dll
0x00007ffb22ae0000 - 0x00007ffb22b16000 	C:\WINDOWS\SYSTEM32\WINMM.dll
0x00007ffb22b20000 - 0x00007ffb22b2b000 	C:\WINDOWS\SYSTEM32\VERSION.dll
0x00007ffb28bb0000 - 0x00007ffb28bc4000 	C:\WINDOWS\SYSTEM32\UMPDC.dll
0x00007ffb28e90000 - 0x00007ffb28eaa000 	C:\WINDOWS\SYSTEM32\kernel.appcore.dll
0x00007ffb07f50000 - 0x00007ffb07f5a000 	C:\Program Files\Microsoft\jdk-17.0.13.11-hotspot\bin\jimage.dll
0x00007ffb1c770000 - 0x00007ffb1c9b1000 	C:\WINDOWS\SYSTEM32\DBGHELP.DLL
0x00007ffb2c750000 - 0x00007ffb2cad3000 	C:\WINDOWS\System32\combase.dll
0x00007ffb2bcb0000 - 0x00007ffb2bd86000 	C:\WINDOWS\System32\OLEAUT32.dll
0x00007ffb0a300000 - 0x00007ffb0a339000 	C:\WINDOWS\SYSTEM32\dbgcore.DLL
0x00007ffb2a2b0000 - 0x00007ffb2a349000 	C:\WINDOWS\System32\bcryptPrimitives.dll
0x00007ffafc790000 - 0x00007ffafc7b5000 	C:\Program Files\Microsoft\jdk-17.0.13.11-hotspot\bin\java.dll

dbghelp: loaded successfully - version: 4.0.5 - missing functions: none
symbol engine: initialized successfully - sym options: 0x614 - pdb path: .;C:\Program Files\Microsoft\jdk-17.0.13.11-hotspot\bin;C:\WINDOWS\SYSTEM32;C:\WINDOWS\WinSxS\amd64_microsoft.windows.common-controls_6595b64144ccf1df_6.0.26100.3624_none_3e086962e3345f24;C:\Program Files\Microsoft\jdk-17.0.13.11-hotspot\bin\server

VM Arguments:
java_command: <unknown>
java_class_path (initial): <not set>
Launcher Type: SUN_STANDARD

[Global flags]
     intx CICompilerCount                          = 4                                         {product} {ergonomic}
     uint ConcGCThreads                            = 3                                         {product} {ergonomic}
     uint G1ConcRefinementThreads                  = 10                                        {product} {ergonomic}
   size_t G1HeapRegionSize                         = 1048576                                   {product} {ergonomic}
    uintx GCDrainStackTargetSize                   = 64                                        {product} {ergonomic}
   size_t InitialHeapSize                          = 125829120                                 {product} {ergonomic}
   size_t MarkStackSize                            = 4194304                                   {product} {ergonomic}
   size_t MaxHeapSize                              = 1983905792                                {product} {ergonomic}
   size_t MinHeapDeltaBytes                        = 1048576                                   {product} {ergonomic}
   size_t MinHeapSize                              = 8388608                                   {product} {ergonomic}
    uintx NonNMethodCodeHeapSize                   = 5839372                                {pd product} {ergonomic}
    uintx NonProfiledCodeHeapSize                  = 122909434                              {pd product} {ergonomic}
    uintx ProfiledCodeHeapSize                     = 122909434                              {pd product} {ergonomic}
    uintx ReservedCodeCacheSize                    = 251658240                              {pd product} {ergonomic}
     bool SegmentedCodeCache                       = true                                      {product} {ergonomic}
   size_t SoftMaxHeapSize                          = 1983905792                             {manageable} {ergonomic}
     bool UseCompressedClassPointers               = true                           {product lp64_product} {ergonomic}
     bool UseCompressedOops                        = true                           {product lp64_product} {ergonomic}
     bool UseG1GC                                  = true                                      {product} {ergonomic}
     bool UseLargePagesIndividualAllocation        = false                                  {pd product} {ergonomic}

Logging:
Log output configuration:
 #0: stdout all=warning uptime,level,tags
 #1: stderr all=off uptime,level,tags

Environment Variables:
JAVA_HOME=C:\Program Files\Microsoft\jdk-17.0.13.11-hotspot\
PATH=C:\Users\ghoru\Apps\CRM\node_modules\.bin;C:\Users\ghoru\Apps\CRM\node_modules\.bin;C:\Users\ghoru\Apps\node_modules\.bin;C:\Users\ghoru\node_modules\.bin;C:\Users\node_modules\.bin;C:\node_modules\.bin;C:\Program Files\nodejs\node_modules\npm\node_modules\@npmcli\run-script\lib\node-gyp-bin;C:\Program Files\Microsoft\jdk-17.0.13.11-hotspot\bin;C:\WINDOWS\system32;C:\WINDOWS;C:\WINDOWS\System32\Wbem;C:\WINDOWS\System32\WindowsPowerShell\v1.0\;C:\WINDOWS\System32\OpenSSH\;C:\Program Files\Git\cmd;C:\ProgramData\chocolatey\bin;C:\Program Files\nodejs\;C:\Program Files\Android\Android Studio\bin;C:\Users\ghoru\AppData\Local\Android\Sdk\platform-tools;C:\Program Files (x86)\Microsoft SQL Server\160\Tools\Binn\;C:\Program Files\Microsoft SQL Server\160\Tools\Binn\;C:\Program Files\Microsoft SQL Server\Client SDK\ODBC\170\Tools\Binn\;C:\Program Files\Microsoft SQL Server\160\DTS\Binn\;C:\Program Files (x86)\Microsoft SQL Server\160\DTS\Binn\;C:\Program Files\Microsoft SQL Server\150\Tools\Binn\;C:\Program Files\dotnet\;C:\Users\ghoru\AppData\Roaming\npm;C:\Users\ghoru\AppData\Local\Programs\Microsoft VS Code\bin;C:\Users\ghoru\.dotnet\tools;c:\Users\ghoru\.vscode\extensions\ms-python.debugpy-2025.4.1-win32-x64\bundled\scripts\noConfigScripts
USERNAME=ghoru
LANG=en_US.UTF-8
OS=Windows_NT
PROCESSOR_IDENTIFIER=AMD64 Family 25 Model 80 Stepping 0, AuthenticAMD
TMP=C:\Users\ghoru\AppData\Local\Temp
TEMP=C:\Users\ghoru\AppData\Local\Temp



Periodic native trim disabled


---------------  S Y S T E M  ---------------

OS:
 Windows 11 , 64 bit Build 26100 (10.0.26100.3624)
OS uptime: 0 days 3:03 hours
Hyper-V role detected

CPU: total 12 (initial active 12) (12 cores per cpu, 2 threads per core) family 25 model 80 stepping 0 microcode 0xa50000c, cx8, cmov, fxsr, ht, mmx, 3dnowpref, sse, sse2, sse3, ssse3, sse4a, sse4.1, sse4.2, popcnt, lzcnt, tsc, tscinvbit, avx, avx2, aes, erms, clmul, bmi1, bmi2, adx, sha, fma, vzeroupper, clflush, clflushopt, hv
Processor Information for the first 12 processors :
  Max Mhz: 3301, Current Mhz: 3301, Mhz Limit: 3301

Memory: 4k page, system-wide physical 7560M (536M free)
TotalPageFile size 31112M (AvailPageFile size 3M)
current process WorkingSet (physical memory assigned to process): 12M, peak: 12M
current process commit charge ("private bytes"): 63M, peak: 64M

vm_info: OpenJDK 64-Bit Server VM (17.0.13+11-LTS) for windows-amd64 JRE (17.0.13+11-LTS), built on Oct 11 2024 23:25:05 by "MicrosoftCorporation" with unknown MS VC++:1939

END.
